GET - /signup - Tue, 17 Oct 2023 05:30:17 GMT - 4.936 ms
GET - /api/posts - Tue, 17 Oct 2023 05:30:21 GMT - 6.874 ms
POST - /api/signup - Tue, 17 Oct 2023 05:31:00 GMT - 305.048 ms
GET - /admin/signup - Tue, 17 Oct 2023 05:31:03 GMT - 1174.100 ms
POST - /api/signup - Tue, 17 Oct 2023 05:33:10 GMT - 309.193 ms
GET - /admin/signup - Tue, 17 Oct 2023 05:33:12 GMT - 1086.230 ms
POST - /api/signup - Tue, 17 Oct 2023 05:34:30 GMT - 318.656 ms
GET - /admin/login - Tue, 17 Oct 2023 05:34:31 GMT - 51.619 ms
POST - /api/signup - Tue, 17 Oct 2023 05:34:32 GMT - 293.039 ms
POST - /api/signup - Tue, 17 Oct 2023 05:34:32 GMT - 388.319 ms
POST - /api/signup - Tue, 17 Oct 2023 05:34:32 GMT - 473.857 ms
GET - /admin/signup - Tue, 17 Oct 2023 05:34:34 GMT - 9.368 ms
GET - /admin/signup - Tue, 17 Oct 2023 05:34:36 GMT - 29.015 ms
GET - /admin/signup - Tue, 17 Oct 2023 05:34:38 GMT - 12.353 ms
POST - /api/signup - Tue, 17 Oct 2023 05:36:13 GMT - 327.515 ms
GET - /admin/login - Tue, 17 Oct 2023 05:36:16 GMT - 1071.132 ms
POST - /api/signup - Tue, 17 Oct 2023 05:37:24 GMT - 302.867 ms
GET - /admin/login - Tue, 17 Oct 2023 05:37:27 GMT - 1211.869 ms
POST - /api/signup - Tue, 17 Oct 2023 05:38:54 GMT - 306.926 ms
GET - /admin/login - Tue, 17 Oct 2023 05:38:57 GMT - 1210.495 ms
POST - /api/signup - Tue, 17 Oct 2023 05:39:57 GMT - 391.357 ms
GET - /admin/signup - Tue, 17 Oct 2023 05:40:00 GMT - 1053.811 ms
POST - /api/signup - Tue, 17 Oct 2023 05:40:03 GMT - 388.514 ms
GET - /admin/login - Tue, 17 Oct 2023 05:40:05 GMT - 43.436 ms
GET - /admin/login - Tue, 17 Oct 2023 05:41:24 GMT - 25.450 ms
POST - /admin/login - Tue, 17 Oct 2023 05:41:32 GMT - 1.859 ms
GET - /admin/login - Tue, 17 Oct 2023 05:41:35 GMT - 40.325 ms
GET - /admin/signup - Tue, 17 Oct 2023 05:41:49 GMT - 20.338 ms
POST - /admin/signup - Tue, 17 Oct 2023 05:42:40 GMT - 384.964 ms
GET - /admin/signup - Tue, 17 Oct 2023 05:42:41 GMT - 27.164 ms
POST - /admin/signup - Tue, 17 Oct 2023 05:42:44 GMT - 388.484 ms
GET - /admin/login - Tue, 17 Oct 2023 05:42:46 GMT - 42.221 ms
GET - /admin/signup - Tue, 17 Oct 2023 06:59:56 GMT - 15421.039 ms
POST - /admin/login - Tue, 17 Oct 2023 06:59:56 GMT - 5.481 ms
GET - /admin/login - Tue, 17 Oct 2023 06:59:56 GMT - 52.994 ms
GET - /admin/signup - Tue, 17 Oct 2023 06:59:56 GMT - 23.992 ms
POST - /admin/signup - Tue, 17 Oct 2023 07:00:26 GMT - 696.930 ms
GET - /admin/login - Tue, 17 Oct 2023 07:00:27 GMT - 78.883 ms
GET - /admin/login - Tue, 17 Oct 2023 08:54:35 GMT - 2858.309 ms
POST - /admin/login - Tue, 17 Oct 2023 08:54:46 GMT - 390.537 ms
GET - /admin/login - Tue, 17 Oct 2023 08:54:48 GMT - 93.312 ms
GET - /admin/signup - Tue, 17 Oct 2023 08:55:01 GMT - 44.162 ms
POST - /admin/signup - Tue, 17 Oct 2023 08:55:18 GMT - 1494.718 ms
GET - /admin/login - Tue, 17 Oct 2023 08:55:18 GMT - 85.936 ms
POST - /admin/login - Tue, 17 Oct 2023 08:55:40 GMT - 322.031 ms
GET - /admin/login - Tue, 17 Oct 2023 08:55:42 GMT - 76.604 ms
POST - /admin/login - Tue, 17 Oct 2023 08:58:11 GMT - 363.344 ms
GET - /admin/login - Tue, 17 Oct 2023 08:58:14 GMT - 1418.234 ms
POST - /admin/login - Tue, 17 Oct 2023 08:58:47 GMT - 610.951 ms
GET - /admin/login - Tue, 17 Oct 2023 08:58:49 GMT - 1149.998 ms
POST - /admin/login - Tue, 17 Oct 2023 09:00:09 GMT - 734.523 ms
GET - /admin/dashboard - Tue, 17 Oct 2023 09:00:13 GMT - 2835.748 ms
GET - /admin/login - Tue, 17 Oct 2023 09:01:00 GMT - 2597.011 ms
POST - /admin/login - Tue, 17 Oct 2023 09:01:05 GMT - 1066.705 ms
GET - /admin/dashboard - Tue, 17 Oct 2023 09:01:06 GMT - 126.095 ms
GET - /admin/login - Tue, 17 Oct 2023 09:02:32 GMT - 1139.310 ms
POST - /admin/login - Tue, 17 Oct 2023 09:02:38 GMT - 998.093 ms
GET - /admin/dashboard - Tue, 17 Oct 2023 09:02:39 GMT - 161.410 ms
GET - /admin/dashboard - Tue, 17 Oct 2023 09:05:02 GMT - 70.657 ms
GET - /admin/login - Tue, 17 Oct 2023 09:05:11 GMT - 28.763 ms
POST - /admin/login - Tue, 17 Oct 2023 09:05:18 GMT - 976.283 ms
GET - /admin/dashboard - Tue, 17 Oct 2023 09:05:19 GMT - 120.505 ms
GET - /admin/dashboard - Tue, 17 Oct 2023 09:06:58 GMT - 8.855 ms
GET - /admin/login - Tue, 17 Oct 2023 09:07:01 GMT - 1195.971 ms
GET - /admin/login - Tue, 17 Oct 2023 09:07:31 GMT - 1130.736 ms
POST - /admin/login - Tue, 17 Oct 2023 09:07:32 GMT - 922.130 ms
GET - /admin/dashboard - Tue, 17 Oct 2023 09:07:32 GMT - 114.731 ms
GET - /admin/dashboard - Tue, 17 Oct 2023 09:08:10 GMT - 65.789 ms
GET - /admin/dashboard - Tue, 17 Oct 2023 09:09:03 GMT - 33.575 ms
GET - /admin/dashboard - Tue, 17 Oct 2023 09:09:25 GMT - 75.170 ms
GET - /api/posts - Fri, 20 Oct 2023 10:57:08 GMT - 5.415 ms
GET - /admin/singup - Fri, 20 Oct 2023 10:57:21 GMT - 59.293 ms
GET - /admin/signup - Fri, 20 Oct 2023 10:57:47 GMT - 8475.343 ms
POST - /admin/signup - Fri, 20 Oct 2023 10:58:19 GMT - 411.027 ms
GET - /admin/login - Fri, 20 Oct 2023 10:58:19 GMT - 60.499 ms
POST - /admin/login - Fri, 20 Oct 2023 10:58:25 GMT - 723.953 ms
GET - /admin/dashboard - Fri, 20 Oct 2023 10:58:25 GMT - 71.263 ms
GET - /api/posts - Tue, 24 Oct 2023 08:27:21 GMT - 4.888 ms
POST - /api/login - Tue, 24 Oct 2023 08:27:29 GMT - 4.635 ms
POST - /api/login - Tue, 24 Oct 2023 08:27:33 GMT - 3.071 ms
POST - /api/signup - Tue, 24 Oct 2023 08:27:55 GMT - 666.488 ms
POST - /api/signup - Tue, 24 Oct 2023 08:27:59 GMT - 568.730 ms
POST - /api/login - Tue, 24 Oct 2023 08:28:09 GMT - 2.391 ms
POST - /api/login - Tue, 24 Oct 2023 08:28:26 GMT - 1.870 ms
POST - /api/login - Tue, 24 Oct 2023 08:28:34 GMT - 1.228 ms
POST - /api/signup - Tue, 24 Oct 2023 08:28:50 GMT - 385.859 ms
POST - /api/signup - Tue, 24 Oct 2023 08:28:52 GMT - 450.889 ms
POST - /api/login - Tue, 24 Oct 2023 08:29:21 GMT - 1.191 ms
GET - /api/posts - Tue, 24 Oct 2023 08:29:23 GMT - 1.184 ms
POST - /api/login - Tue, 24 Oct 2023 08:30:45 GMT - 3.413 ms
POST - /api/login - Tue, 24 Oct 2023 08:30:50 GMT - 3.233 ms
POST - /api/login - Tue, 24 Oct 2023 08:30:55 GMT - 5.491 ms
GET - /api/posts - Tue, 24 Oct 2023 08:30:56 GMT - 3.637 ms
POST - /api/login - Tue, 24 Oct 2023 08:31:43 GMT - 0.979 ms
POST - /api/login - Tue, 24 Oct 2023 08:32:13 GMT - 7.149 ms
POST - /api/login - Tue, 24 Oct 2023 08:33:45 GMT - 1.987 ms
POST - /api/login - Tue, 24 Oct 2023 08:35:21 GMT - 2.253 ms
POST - /api/login - Tue, 24 Oct 2023 08:35:25 GMT - 4.426 ms
POST - /api/login - Tue, 24 Oct 2023 08:37:55 GMT - 66713.588 ms
POST - /api/login - Tue, 24 Oct 2023 08:39:06 GMT - 57497.498 ms
POST - /api/login - Tue, 24 Oct 2023 08:39:31 GMT - 10767.339 ms
POST - /api/login - Tue, 24 Oct 2023 08:40:57 GMT - 10246.727 ms
GET - /admin/signin - Tue, 24 Oct 2023 08:41:09 GMT - 8.072 ms
GET - /admin/login - Tue, 24 Oct 2023 08:41:35 GMT - 20671.379 ms
POST - /admin/login - Tue, 24 Oct 2023 08:42:53 GMT - 50609.187 ms
GET - /admin/dashboard - Tue, 24 Oct 2023 08:42:53 GMT - 103.038 ms
GET - /admin/logout - Tue, 24 Oct 2023 08:44:09 GMT - 1.386 ms
GET - /admin/login - Tue, 24 Oct 2023 08:44:09 GMT - 17.385 ms
GET - /api/posts - Tue, 24 Oct 2023 08:44:13 GMT - 1.565 ms
POST - /api/login - Tue, 24 Oct 2023 08:44:31 GMT - 12264.560 ms
POST - /api/login - Tue, 24 Oct 2023 08:46:28 GMT - 21376.050 ms
GET - /api/posts - Tue, 24 Oct 2023 08:46:28 GMT - 1.342 ms
POST - /api/post - Tue, 24 Oct 2023 08:46:46 GMT - 9.784 ms
POST - /api/login - Tue, 24 Oct 2023 08:47:01 GMT - 12278.663 ms
GET - /api/posts - Tue, 24 Oct 2023 08:47:01 GMT - 3.477 ms
GET - /api/posts - Tue, 24 Oct 2023 08:47:05 GMT - 1.321 ms
GET - /admin/login - Tue, 24 Oct 2023 08:47:18 GMT - 4669.716 ms
POST - /admin/login - Tue, 24 Oct 2023 08:47:20 GMT - 419.321 ms
GET - /admin/login - Tue, 24 Oct 2023 08:47:20 GMT - 24.504 ms
POST - /admin/login - Tue, 24 Oct 2023 08:47:26 GMT - 1001.278 ms
GET - /admin/dashboard - Tue, 24 Oct 2023 08:47:26 GMT - 104.065 ms
GET - /admin/logout - Tue, 24 Oct 2023 08:49:19 GMT - 6.168 ms
GET - /admin/login - Tue, 24 Oct 2023 08:49:19 GMT - 29.944 ms
GET - /api/posts - Tue, 24 Oct 2023 08:49:35 GMT - 3.989 ms
POST - /api/login - Tue, 24 Oct 2023 08:49:41 GMT - 1016.772 ms
GET - /api/posts - Tue, 24 Oct 2023 08:49:42 GMT - 22.821 ms
POST - /api/post - Tue, 24 Oct 2023 08:50:08 GMT - 13.864 ms
POST - /api/login - Tue, 24 Oct 2023 08:50:46 GMT - 904.746 ms
GET - /api/posts - Tue, 24 Oct 2023 08:50:47 GMT - 10.906 ms
POST - /api/post - Tue, 24 Oct 2023 08:52:38 GMT - 99125.038 ms
POST - /api/post - Tue, 24 Oct 2023 08:52:46 GMT - 7703.379 ms
POST - /api/login - Tue, 24 Oct 2023 13:09:11 GMT - 977.230 ms
GET - /api/posts - Tue, 24 Oct 2023 13:09:12 GMT - 15.350 ms
POST - /api/post - Tue, 24 Oct 2023 13:10:11 GMT - 47621.051 ms
POST - /api/login - Tue, 24 Oct 2023 13:22:31 GMT - 1604.828 ms
GET - /api/posts - Tue, 24 Oct 2023 13:22:31 GMT - 328.087 ms
POST - /api/post - Tue, 24 Oct 2023 13:23:26 GMT - 31110.690 ms
POST - /api/login - Tue, 24 Oct 2023 13:24:51 GMT - 29366.172 ms
GET - /api/posts - Tue, 24 Oct 2023 13:24:54 GMT - 2733.496 ms
POST - /api/login - Tue, 24 Oct 2023 13:24:57 GMT - 6010.432 ms
POST - /api/login - Tue, 24 Oct 2023 13:26:24 GMT - 4459.220 ms
GET - /api/posts - Tue, 24 Oct 2023 13:26:24 GMT - 310.961 ms
POST - /api/login - Tue, 24 Oct 2023 13:33:48 GMT - 4432.638 ms
GET - /api/posts - Tue, 24 Oct 2023 13:33:48 GMT - 288.776 ms
POST - /api/post - Tue, 24 Oct 2023 13:34:38 GMT - 23224.607 ms
GET - /api/posts - Tue, 24 Oct 2023 13:36:09 GMT - 621.095 ms
POST - /api/login - Tue, 24 Oct 2023 13:36:20 GMT - 3001.699 ms
GET - /api/posts - Tue, 24 Oct 2023 13:36:21 GMT - 599.187 ms
POST - /api/post - Tue, 24 Oct 2023 13:36:50 GMT - 15354.012 ms
GET - /api/posts - Tue, 24 Oct 2023 13:36:51 GMT - 599.415 ms
DELETE - /api/post/6537c87120152f43d80fbc8b - Tue, 24 Oct 2023 13:37:11 GMT - 12669.127 ms
GET - /api/posts - Tue, 24 Oct 2023 13:37:12 GMT - 596.438 ms
POST - /api/post - Tue, 24 Oct 2023 13:55:51 GMT - 26235.809 ms
POST - /api/login - Tue, 24 Oct 2023 13:56:24 GMT - 735.161 ms
GET - /api/posts - Tue, 24 Oct 2023 13:56:26 GMT - 580.030 ms
POST - /api/post - Tue, 24 Oct 2023 13:56:45 GMT - 6681.767 ms
POST - /api/login - Tue, 24 Oct 2023 13:57:54 GMT - 720.909 ms
GET - /api/posts - Tue, 24 Oct 2023 13:57:56 GMT - 605.066 ms
POST - /api/post - Tue, 24 Oct 2023 13:58:22 GMT - 14146.769 ms
GET - /api/posts - Tue, 24 Oct 2023 13:58:25 GMT - 3158.780 ms
GET - /admin/login - Tue, 24 Oct 2023 13:58:57 GMT - 3478.706 ms
POST - /admin/login - Tue, 24 Oct 2023 13:59:04 GMT - 737.909 ms
GET - /admin/dashboard - Tue, 24 Oct 2023 13:59:06 GMT - 57.047 ms
GET - /admin/dashboard - Tue, 24 Oct 2023 14:08:05 GMT - 2.700 ms
GET - /admin/login - Tue, 24 Oct 2023 14:08:09 GMT - 1962.144 ms
POST - /admin/login - Tue, 24 Oct 2023 14:08:14 GMT - 740.533 ms
GET - /admin/dashboard - Tue, 24 Oct 2023 14:08:15 GMT - 58.333 ms
GET - /admin/dashboard - Tue, 24 Oct 2023 14:10:30 GMT - 5.840 ms
GET - /admin/login - Tue, 24 Oct 2023 14:10:34 GMT - 1978.844 ms
POST - /admin/login - Tue, 24 Oct 2023 14:10:38 GMT - 735.392 ms
GET - /admin/dashboard - Tue, 24 Oct 2023 14:10:47 GMT - 7720.541 ms
GET - /admin/dashboard - Tue, 24 Oct 2023 14:12:16 GMT - 7907.177 ms
GET - /admin/dashboard - Tue, 24 Oct 2023 14:14:32 GMT - 4509.472 ms
GET - /admin/dashboard - Tue, 24 Oct 2023 14:15:21 GMT - 17373.666 ms
GET - /admin/dashboard - Tue, 24 Oct 2023 14:18:00 GMT - 6910.180 ms
GET - /admin/dashboard - Tue, 24 Oct 2023 14:18:37 GMT - 26964.753 ms
GET - /admin/dashboard - Tue, 24 Oct 2023 14:18:58 GMT - 2.651 ms
GET - /admin/login - Tue, 24 Oct 2023 14:19:02 GMT - 1994.203 ms
POST - /admin/login - Tue, 24 Oct 2023 14:19:20 GMT - 715.028 ms
GET - /admin/dashboard - Tue, 24 Oct 2023 14:19:28 GMT - 6609.727 ms
GET - /admin/dashboard - Tue, 24 Oct 2023 14:20:51 GMT - 3.592 ms
GET - /admin/login - Tue, 24 Oct 2023 14:20:55 GMT - 1973.386 ms
POST - /admin/login - Tue, 24 Oct 2023 14:21:00 GMT - 668.341 ms
GET - /admin/dashboard - Tue, 24 Oct 2023 14:21:08 GMT - 7405.906 ms
POST - /admin/moderate - Tue, 24 Oct 2023 14:21:17 GMT - 284.901 ms
GET - /admin/dashboard - Tue, 24 Oct 2023 14:21:23 GMT - 4831.767 ms
GET - /admin/dashboard - Tue, 24 Oct 2023 14:22:51 GMT - 6232.417 ms
GET - /admin/logout - Tue, 24 Oct 2023 14:23:14 GMT - 3.907 ms
GET - /admin/login - Tue, 24 Oct 2023 14:23:16 GMT - 21.018 ms
POST - /api/verify - Tue, 24 Oct 2023 14:23:28 GMT - 0.932 ms
GET - /api/posts - Tue, 24 Oct 2023 14:23:29 GMT - 545.060 ms
POST - /api/login - Tue, 24 Oct 2023 14:23:36 GMT - 696.864 ms
GET - /api/posts - Tue, 24 Oct 2023 14:23:38 GMT - 550.053 ms
POST - /api/post - Tue, 24 Oct 2023 14:24:08 GMT - 609.978 ms
GET - /api/posts - Tue, 24 Oct 2023 14:24:10 GMT - 551.111 ms
GET - /admin/login - Tue, 24 Oct 2023 14:24:56 GMT - 20.216 ms
POST - /admin/login - Tue, 24 Oct 2023 14:25:07 GMT - 632.288 ms
GET - /admin/dashboard - Tue, 24 Oct 2023 14:25:09 GMT - 601.963 ms
POST - /admin/moderate - Tue, 24 Oct 2023 14:25:16 GMT - 277.132 ms
GET - /admin/dashboard - Tue, 24 Oct 2023 14:25:19 GMT - 305.106 ms
GET - /login - Tue, 24 Oct 2023 14:34:05 GMT - 11.250 ms
GET - /admin/login - Tue, 24 Oct 2023 14:34:17 GMT - 2111.460 ms
POST - /admin/login - Tue, 24 Oct 2023 14:34:21 GMT - 740.501 ms
GET - /admin/dashboard - Tue, 24 Oct 2023 14:34:23 GMT - 634.956 ms
GET - /api/post/2 - Tue, 24 Oct 2023 14:50:29 GMT - 29.343 ms
GET - /api/post/6537cd70e8312c4468df0fe7 - Tue, 24 Oct 2023 14:50:49 GMT - 614.021 ms
